^============================= test session starts ==============================
platform [^\n]*
cachedir: [^\n]*
metadata: [^\n]*
rootdir: [^\n]*
plugins: [^\n]*
collecting ... collected 2 items                                                              

[^\n]*test_seq.py::test_true PASSED
[^\n]*test_seq.py::test_false FAILED

=================================== FAILURES ===================================
__________________________________ test_false __________________________________

-------------------------------- On rank 0 of 1 --------------------------------
    def test_false\(\):
>     assert 0
E     assert 0

[^\n]*test_seq.py:5: AssertionError
=========================== short test summary info ============================
FAILED [^\n]*/test_seq.py::test_false
========================= 1 failed, 1 passed in [^\n]*s ==========================$
